=== DEBUG - ARRAYS RECIBIDOS ===
Cliente   : Array
(
    [cedula] => 16640994
    [nombres] => JOSE ROBERTO
    [apellidos] => SALINAS CHACON
    [celular] => 316-868-2709
    [direccion] => 
    [email] => 
)

Recibidos : Array
(
    [id_venta] => 9791616
    [id_usu] => meradm01
    [pto_vta] => 2
)

Totales   : Array
(
    [totalVenta] => 21000
    [totalPremios] => 0
    [valorPagar] => 21000
    [efectivo] => 25000
)

-------------------------------
=== DEBUG - ARRAYS RECIBIDOS ===
Cliente   : Array
(
    [cedula] => 16640994
    [nombres] => JOSE ROBERTO
    [apellidos] => SALINAS CHACON
    [celular] => 316-868-2709
    [direccion] => 
    [email] => 
)

Recibidos : Array
(
    [id_venta] => 9791617
    [id_usu] => meradm01
    [pto_vta] => 2
)

Totales   : Array
(
    [totalVenta] => 21000
    [totalPremios] => 0
    [valorPagar] => 21000
    [efectivo] => 25000
)

-------------------------------
=== DEBUG - ARRAYS RECIBIDOS ===
Cliente   : Array
(
    [cedula] => 16640994
    [nombres] => JOSE ROBERTO
    [apellidos] => SALINAS CHACON
    [celular] => 316-868-2709
    [direccion] => 
    [email] => 
)

Recibidos : Array
(
    [id_venta] => 9791618
    [id_usu] => meradm01
    [pto_vta] => 2
)

Totales   : Array
(
    [totalVenta] => 21000
    [totalPremios] => 0
    [valorPagar] => 21000
    [efectivo] => 25000
)

-------------------------------
